<?xml version="1.0" encoding="UTF-8"?>
<Site BuildName="Win32-mingw32-make"
	BuildStamp="20210121-0959-Experimental"
	Name="TAKEMONIST-NOTE"
	Generator="ctest-3.19.3"
	CompilerName="C:/mingw-w64/x86_64-8.1.0-posix-seh-rt_v6-rev0/mingw64/bin/x86_64-w64-mingw32-g++.exe"
	CompilerVersion="8.1.0"
	OSName="Windows"
	Hostname="Takemonist-NOTE"
	OSRelease=" Professional"
	OSVersion=" (Build 18363)"
	OSPlatform="AMD64"
	Is64Bits="1"
	VendorString="GenuineIntel"
	VendorID="Intel Corporation"
	FamilyID="6"
	ModelID="14"
	ProcessorCacheSize="-1"
	NumberOfLogicalCPU="8"
	NumberOfPhysicalCPU="4"
	TotalVirtualMemory="19051"
	TotalPhysicalMemory="16107"
	LogicalProcessorsPerPhysical="2"
	ProcessorClockFrequency="2304"
	>
	<Testing>
		<StartDateTime>Jan 21 18:59 ???? (?W?[NON-UTF-8-BYTE-0x80]??)</StartDateTime>
		<StartTestTime>1611223172</StartTestTime>
		<TestList/>
		<EndDateTime>Jan 21 18:59 ???? (?W?[NON-UTF-8-BYTE-0x80]??)</EndDateTime>
		<EndTestTime>1611223172</EndTestTime>
		<ElapsedMinutes>0</ElapsedMinutes>
	</Testing>
</Site>
